This is pdfTeX, Version 3.14159265-2.6-1.40.16 (MiKTeX 2.9) (preloaded format=pdflatex 2016.2.18)  31 MAR 2016 18:03
entering extended mode
**../../Output/123123.tex
(../../Output/123123.tex
LaTeX2e <2015/10/01> patch level 2
Babel <3.9n> and hyphenation patterns for 69 languages loaded.
(C:\Users\Teffeh\PhpstormProjects\LatexProject\tex\latex\base\book.cls
Document Class: book 2014/09/29 v1.4h Standard LaTeX document class
(C:\Users\Teffeh\PhpstormProjects\LatexProject\tex\latex\base\bk10.clo
File: bk10.clo 2014/09/29 v1.4h Standard LaTeX file (size option)
)
\c@part=\count79
\c@chapter=\count80
\c@section=\count81
\c@subsection=\count82
\c@subsubsection=\count83
\c@paragraph=\count84
\c@subparagraph=\count85
\c@figure=\count86
\c@table=\count87
\abovecaptionskip=\skip41
\belowcaptionskip=\skip42
\bibindent=\dimen102
)

LaTeX Warning: Unused global option(s):
    [14pt].

No file 123123.aux.
\openout1 = `123123.aux'.

LaTeX Font Info:    Checking defaults for OML/cmm/m/it on input line 1.
LaTeX Font Info:    ... okay on input line 1.
LaTeX Font Info:    Checking defaults for T1/cmr/m/n on input line 1.
LaTeX Font Info:    ... okay on input line 1.
LaTeX Font Info:    Checking defaults for OT1/cmr/m/n on input line 1.
LaTeX Font Info:    ... okay on input line 1.
LaTeX Font Info:    Checking defaults for OMS/cmsy/m/n on input line 1.
LaTeX Font Info:    ... okay on input line 1.
LaTeX Font Info:    Checking defaults for OMX/cmex/m/n on input line 1.
LaTeX Font Info:    ... okay on input line 1.
LaTeX Font Info:    Checking defaults for U/cmr/m/n on input line 1.
LaTeX Font Info:    ... okay on input line 1.
[1{C:/Users/Teffeh/PhpstormProjects/LatexProject/pdftex/config/pdftex.map}

]
(123123.aux) ) 
Here is how much of TeX's memory you used:
 231 strings out of 493634
 2529 string characters out of 3145036
 52604 words of memory out of 3000000
 3699 multiletter control sequences out of 15000+200000
 4598 words of font info for 17 fonts, out of 3000000 for 9000
 1025 hyphenation exceptions out of 8191
 23i,4n,17p,200b,141s stack positions out of 5000i,500n,10000p,200000b,50000s
<C:/Users/Teffeh/PhpstormProjects/LatexProject/fonts/type1/public
/amsfonts/cm/cmbx12.pfb><C:/Users/Teffeh/PhpstormProjects/LatexProject/fonts/ty
pe1/public/amsfonts/cm/cmr10.pfb><C:/Users/Teffeh/PhpstormProjects/LatexProject
/fonts/type1/public/amsfonts/cm/cmsl10.pfb>
Output written on 123123.pdf (1 page, 26128 bytes).
PDF statistics:
 18 PDF objects out of 1000 (max. 8388607)
 0 named destinations out of 1000 (max. 500000)
 1 words of extra memory for PDF output out of 10000 (max. 10000000)

