This is pdfTeX, Version 3.14159265-2.6-1.40.16 (MiKTeX 2.9) (preloaded format=pdflatex 2016.2.18)  15 MAR 2016 17:42
entering extended mode
**E:/Work/php/LatexProject/Output/asd.tex
(E:/Work/php/LatexProject/Output/asd.tex
LaTeX2e <2015/10/01> patch level 2
Babel <3.9n> and hyphenation patterns for 69 languages loaded.

! LaTeX Error: Missing \begin{document}.

See the LaTeX manual or LaTeX Companion for explanation.
Type  H <return>  for immediate help.
 ...                                              
                                                  
l.1 \documentclass[8pt]{Select Option:}\begin
                                             {document}asdasd\end{document}
? 
! Emergency stop.
 ...                                              
                                                  
l.1 \documentclass[8pt]{Select Option:}\begin
                                             {document}asdasd\end{document}
You're in trouble here.  Try typing  <return>  to proceed.
If that doesn't work, type  X <return>  to quit.

 
Here is how much of TeX's memory you used:
 12 strings out of 493634
 401 string characters out of 3145036
 52604 words of memory out of 3000000
 3494 multiletter control sequences out of 15000+200000
 3640 words of font info for 14 fonts, out of 3000000 for 9000
 1025 hyphenation exceptions out of 8191
 13i,0n,9p,137b,14s stack positions out of 5000i,500n,10000p,200000b,50000s
!  ==> Fatal error occurred, no output PDF file produced!
