This is pdfTeX, Version 3.14159265-2.6-1.40.16 (MiKTeX 2.9) (preloaded format=pdflatex 2016.2.18)  14 APR 2016 13:43
entering extended mode
**C:/Users/Teffeh/PhpstormProjects/LatexProject/Output/hello.tex
(C:/Users/Teffeh/PhpstormProjects/LatexProject/Output/hello.tex
LaTeX2e <2015/10/01> patch level 2
Babel <3.9n> and hyphenation patterns for 69 languages loaded.
(C:\Users\Teffeh\PhpstormProjects\LatexProject\tex\latex\base\article.cls
Document Class: article 2014/09/29 v1.4h Standard LaTeX document class
(C:\Users\Teffeh\PhpstormProjects\LatexProject\tex\latex\base\size11.clo
File: size11.clo 2014/09/29 v1.4h Standard LaTeX file (size option)
)
\c@part=\count79
\c@section=\count80
\c@subsection=\count81
\c@subsubsection=\count82
\c@paragraph=\count83
\c@subparagraph=\count84
\c@figure=\count85
\c@table=\count86
\abovecaptionskip=\skip41
\belowcaptionskip=\skip42
\bibindent=\dimen102
)
(hello.aux)
\openout1 = `hello.aux'.

LaTeX Font Info:    Checking defaults for OML/cmm/m/it on input line 2.
LaTeX Font Info:    ... okay on input line 2.
LaTeX Font Info:    Checking defaults for T1/cmr/m/n on input line 2.
LaTeX Font Info:    ... okay on input line 2.
LaTeX Font Info:    Checking defaults for OT1/cmr/m/n on input line 2.
LaTeX Font Info:    ... okay on input line 2.
LaTeX Font Info:    Checking defaults for OMS/cmsy/m/n on input line 2.
LaTeX Font Info:    ... okay on input line 2.
LaTeX Font Info:    Checking defaults for OMX/cmex/m/n on input line 2.
LaTeX Font Info:    ... okay on input line 2.
LaTeX Font Info:    Checking defaults for U/cmr/m/n on input line 2.
LaTeX Font Info:    ... okay on input line 2.
LaTeX Font Info:    External font `cmex10' loaded for size
(Font)              <12> on input line 4.
LaTeX Font Info:    External font `cmex10' loaded for size
(Font)              <8> on input line 4.
LaTeX Font Info:    External font `cmex10' loaded for size
(Font)              <6> on input line 4.


LaTeX Warning: No \author given.

[1

{C:/Users/Teffeh/PhpstormProjects/LatexProject/pdftex/config/pdftex.map}]
(hello.aux) ) 
Here is how much of TeX's memory you used:
 231 strings out of 493634
 2766 string characters out of 3145036
 52604 words of memory out of 3000000
 3690 multiletter control sequences out of 15000+200000
 7580 words of font info for 27 fonts, out of 3000000 for 9000
 1025 hyphenation exceptions out of 8191
 21i,6n,19p,181b,193s stack positions out of 5000i,500n,10000p,200000b,50000s
<C:/Users/Teffeh/PhpstormProjects/LatexProject/fonts/type1/public/
amsfonts/cm/cmbx12.pfb><C:/Users/Teffeh/PhpstormProjects/LatexProject/fonts/typ
e1/public/amsfonts/cm/cmr10.pfb><C:/Users/Teffeh/PhpstormProjects/LatexProject/
fonts/type1/public/amsfonts/cm/cmr12.pfb><C:/Users/Teffeh/PhpstormProjects/Late
xProject/fonts/type1/public/amsfonts/cm/cmr17.pfb>
Output written on C:/Users/Teffeh/PhpstormProjects/LatexProject/Output/hello.pd
f (1 page, 38380 bytes).
PDF statistics:
 22 PDF objects out of 1000 (max. 8388607)
 0 named destinations out of 1000 (max. 500000)
 1 words of extra memory for PDF output out of 10000 (max. 10000000)

