2016-03-31 18:05:07,345+0100 INFO  mkfntmap - Parsing config file C:\Users\Teffeh\PhpstormProjects\LatexProject\miktex\config\updmap.cfg...
2016-03-31 18:05:07,367+0100 INFO  mkfntmap - Parsing C:\Users\Teffeh\PhpstormProjects\LatexProject\fonts\map\dvips\tetex\dvips35.map...
2016-03-31 18:05:07,390+0100 INFO  mkfntmap - Parsing C:\Users\Teffeh\PhpstormProjects\LatexProject\fonts\map\dvips\tetex\pdftex35.map...
2016-03-31 18:05:07,395+0100 INFO  mkfntmap - Parsing C:\Users\Teffeh\PhpstormProjects\LatexProject\fonts\map\dvips\tetex\dvipdfm35.map...
2016-03-31 18:05:07,405+0100 INFO  mkfntmap - Parsing C:\Users\Teffeh\PhpstormProjects\LatexProject\fonts\map\dvips\tetex\ps2pk35.map...
2016-03-31 18:05:07,420+0100 INFO  mkfntmap - Parsing C:\Users\Teffeh\PhpstormProjects\LatexProject\fonts\map\dvips\amsfonts\cm.map...
2016-03-31 18:05:07,446+0100 INFO  mkfntmap - Parsing C:\Users\Teffeh\PhpstormProjects\LatexProject\fonts\map\dvips\amsfonts\cmextra.map...
2016-03-31 18:05:07,449+0100 INFO  mkfntmap - Parsing C:\Users\Teffeh\PhpstormProjects\LatexProject\fonts\map\dvips\amsfonts\cyrillic.map...
2016-03-31 18:05:07,454+0100 INFO  mkfntmap - Parsing C:\Users\Teffeh\PhpstormProjects\LatexProject\fonts\map\dvips\amsfonts\euler.map...
2016-03-31 18:05:07,456+0100 INFO  mkfntmap - Parsing C:\Users\Teffeh\PhpstormProjects\LatexProject\dvips\eurosym\eurosym.map...
2016-03-31 18:05:07,459+0100 INFO  mkfntmap - Parsing C:\Users\Teffeh\PhpstormProjects\LatexProject\fonts\map\dvips\amsfonts\latxfont.map...
2016-03-31 18:05:07,463+0100 INFO  mkfntmap - Parsing C:\Users\Teffeh\PhpstormProjects\LatexProject\fonts\map\dvips\mflogo-font\mflogo.map...
2016-03-31 18:05:07,466+0100 INFO  mkfntmap - Parsing C:\Users\Teffeh\PhpstormProjects\LatexProject\fonts\map\dvips\rsfs\rsfs.map...
2016-03-31 18:05:07,468+0100 INFO  mkfntmap - Parsing C:\Users\Teffeh\PhpstormProjects\LatexProject\fonts\map\dvips\amsfonts\symbols.map...
2016-03-31 18:05:07,472+0100 INFO  mkfntmap - Parsing C:\Users\Teffeh\PhpstormProjects\LatexProject\fonts\map\dvips\xypic\xypic.map...
2016-03-31 18:05:07,495+0100 INFO  mkfntmap - Parsing C:\Users\Teffeh\PhpstormProjects\LatexProject\fonts\map\dvips\psnfss\charter.map...
2016-03-31 18:05:07,504+0100 INFO  mkfntmap - Parsing C:\Users\Teffeh\PhpstormProjects\LatexProject\fonts\map\dvips\psnfss\fpls.map...
2016-03-31 18:05:07,514+0100 INFO  mkfntmap - Parsing C:\Users\Teffeh\PhpstormProjects\LatexProject\fonts\map\dvips\lm\lm.map...
2016-03-31 18:05:07,624+0100 INFO  mkfntmap - Parsing C:\Users\Teffeh\PhpstormProjects\LatexProject\fonts\map\dvips\obsolete\mathpi.map...
2016-03-31 18:05:07,626+0100 INFO  mkfntmap - Parsing C:\Users\Teffeh\PhpstormProjects\LatexProject\fonts\map\dvips\obsolete\mathpple-ext.map...
2016-03-31 18:05:07,636+0100 INFO  mkfntmap - Parsing C:\Users\Teffeh\PhpstormProjects\LatexProject\fonts\map\dvips\psnfss\pazo.map...
2016-03-31 18:05:07,637+0100 INFO  mkfntmap - Parsing C:\Users\Teffeh\PhpstormProjects\LatexProject\dvips\pslatex\pcrr8rn.map...
2016-03-31 18:05:07,640+0100 INFO  mkfntmap - Parsing C:\Users\Teffeh\PhpstormProjects\LatexProject\fonts\map\dvips\psnfss\psnfss.map...
2016-03-31 18:05:07,690+0100 INFO  mkfntmap - Parsing C:\Users\Teffeh\PhpstormProjects\LatexProject\fonts\map\dvips\avantgar\uag.map...
2016-03-31 18:05:07,917+0100 INFO  mkfntmap - Parsing C:\Users\Teffeh\PhpstormProjects\LatexProject\fonts\map\dvips\bookman\ubk.map...
2016-03-31 18:05:07,919+0100 INFO  mkfntmap - Parsing C:\Users\Teffeh\PhpstormProjects\LatexProject\fonts\map\dvips\courier\ucr.map...
2016-03-31 18:05:07,920+0100 INFO  mkfntmap - Parsing C:\Users\Teffeh\PhpstormProjects\LatexProject\fonts\map\dvips\helvetic\uhv.map...
2016-03-31 18:05:07,921+0100 INFO  mkfntmap - Parsing C:\Users\Teffeh\PhpstormProjects\LatexProject\fonts\map\dvips\ncntrsbk\unc.map...
2016-03-31 18:05:07,922+0100 INFO  mkfntmap - Parsing C:\Users\Teffeh\PhpstormProjects\LatexProject\fonts\map\dvips\palatino\upl.map...
2016-03-31 18:05:07,924+0100 INFO  mkfntmap - Parsing C:\Users\Teffeh\PhpstormProjects\LatexProject\fonts\map\dvips\times\utm.map...
2016-03-31 18:05:07,925+0100 INFO  mkfntmap - Parsing C:\Users\Teffeh\PhpstormProjects\LatexProject\fonts\map\dvips\psnfss\utopia.map...
2016-03-31 18:05:07,925+0100 INFO  mkfntmap - Parsing C:\Users\Teffeh\PhpstormProjects\LatexProject\fonts\map\dvips\zapfchan\uzc.map...
2016-03-31 18:05:07,926+0100 INFO  mkfntmap - Parsing C:\Users\Teffeh\PhpstormProjects\LatexProject\fonts\map\dvips\zapfding\uzd.map...
2016-03-31 18:05:07,931+0100 INFO  mkfntmap - Writing C:\Users\Teffeh\PhpstormProjects\LatexProject\dvips\config\ps2pk.map...
2016-03-31 18:05:08,066+0100 INFO  mkfntmap - Writing C:\Users\Teffeh\PhpstormProjects\LatexProject\dvips\config\download35.map...
2016-03-31 18:05:08,069+0100 INFO  mkfntmap - Writing C:\Users\Teffeh\PhpstormProjects\LatexProject\dvips\config\builtin35.map...
2016-03-31 18:05:08,071+0100 INFO  mkfntmap - Writing C:\Users\Teffeh\PhpstormProjects\LatexProject\dvips\config\psfonts_t1.map...
2016-03-31 18:05:08,098+0100 INFO  mkfntmap - Writing C:\Users\Teffeh\PhpstormProjects\LatexProject\dvips\config\psfonts_pk.map...
2016-03-31 18:05:08,110+0100 INFO  mkfntmap - Writing C:\Users\Teffeh\PhpstormProjects\LatexProject\pdftex\config\pdftex_ndl14.map...
2016-03-31 18:05:08,120+0100 INFO  mkfntmap - Writing C:\Users\Teffeh\PhpstormProjects\LatexProject\pdftex\config\pdftex_dl14.map...
2016-03-31 18:05:08,140+0100 INFO  mkfntmap - Writing C:\Users\Teffeh\PhpstormProjects\LatexProject\dvipdfm\config\dvipdfm_dl14.map...
2016-03-31 18:05:08,148+0100 INFO  mkfntmap - Writing C:\Users\Teffeh\PhpstormProjects\LatexProject\dvipdfm\config\dvipdfm_ndl14.map...
2016-03-31 18:05:08,156+0100 INFO  mkfntmap - Copying C:\Users\Teffeh\PhpstormProjects\LatexProject\dvips\config\psfonts_t1.map
2016-03-31 18:05:08,156+0100 INFO  mkfntmap -      to C:\Users\Teffeh\PhpstormProjects\LatexProject\dvips\config\psfonts.map...
2016-03-31 18:05:08,158+0100 INFO  mkfntmap - Copying C:\Users\Teffeh\PhpstormProjects\LatexProject\dvipdfm\config\dvipdfm_dl14.map
2016-03-31 18:05:08,158+0100 INFO  mkfntmap -      to C:\Users\Teffeh\PhpstormProjects\LatexProject\dvipdfm\config\dvipdfm.map...
2016-03-31 18:05:08,159+0100 INFO  mkfntmap - Copying C:\Users\Teffeh\PhpstormProjects\LatexProject\pdftex\config\pdftex_dl14.map
2016-03-31 18:05:08,159+0100 INFO  mkfntmap -      to C:\Users\Teffeh\PhpstormProjects\LatexProject\pdftex\config\pdftex.map...
2016-03-31 18:05:08,225+0100 INFO  mkfntmap - running: fc-cache 
